[Thu, 22 Jan 2015 12:02:14.428994 +0000] M#2463 \PHPDaemon\Core\Pool:\PHPDaemon\Servers\HTTP\Pool up.
[Thu, 22 Jan 2015 12:02:14.452701 +0000] M#2463 \PHPDaemon\Core\Pool:\PHPDaemon\Servers\WebSocket\Pool up.
[Thu, 22 Jan 2015 12:02:14.500012 +0000] W#2467 \Chat\Application up.
[Thu, 22 Jan 2015 12:16:54.313807 +0000] M#3389 \PHPDaemon\Core\Pool:\PHPDaemon\Servers\HTTP\Pool up.
[Thu, 22 Jan 2015 12:16:54.330563 +0000] M#3389 \PHPDaemon\Core\Pool:\PHPDaemon\Servers\WebSocket\Pool up.
[Thu, 22 Jan 2015 12:16:54.410677 +0000] W#3391 \Chat\Application up.
[Thu, 22 Jan 2015 12:23:08.358606 +0000] M#3444 \PHPDaemon\Core\Pool:\PHPDaemon\Servers\HTTP\Pool up.
[Thu, 22 Jan 2015 12:23:08.372904 +0000] M#3444 \PHPDaemon\Core\Pool:\PHPDaemon\Servers\WebSocket\Pool up.
[Thu, 22 Jan 2015 12:23:08.408508 +0000] W#3446 \Chat\Application up.
[Thu, 22 Jan 2015 12:29:07.868802 +0000] M#3620 \PHPDaemon\Core\Pool:\PHPDaemon\Servers\HTTP\Pool up.
[Thu, 22 Jan 2015 12:29:07.880329 +0000] M#3620 \PHPDaemon\Core\Pool:\PHPDaemon\Servers\WebSocket\Pool up.
[Thu, 22 Jan 2015 12:29:07.923482 +0000] W#3623 \Chat\Application up.
[Thu, 22 Jan 2015 12:31:47.570650 +0000] M#3694 \PHPDaemon\Core\Pool:\PHPDaemon\Servers\HTTP\Pool up.
[Thu, 22 Jan 2015 12:31:47.582398 +0000] M#3694 \PHPDaemon\Core\Pool:\PHPDaemon\Servers\WebSocket\Pool up.
[Thu, 22 Jan 2015 12:31:47.638828 +0000] W#3697 \Chat\Application up.
[Thu, 22 Jan 2015 12:39:33.966638 +0000] M#4037 \PHPDaemon\Core\Pool:\PHPDaemon\Servers\HTTP\Pool up.
[Thu, 22 Jan 2015 12:39:33.987912 +0000] M#4037 \PHPDaemon\Core\Pool:\PHPDaemon\Servers\WebSocket\Pool up.
[Thu, 22 Jan 2015 12:39:34.051740 +0000] W#4040 \Chat\Application up.
[Thu, 22 Jan 2015 12:40:31.387151 +0000] M#4066 \PHPDaemon\Core\Pool:\PHPDaemon\Servers\HTTP\Pool up.
[Thu, 22 Jan 2015 12:40:31.414616 +0000] M#4066 \PHPDaemon\Core\Pool:\PHPDaemon\Servers\WebSocket\Pool up.
[Thu, 22 Jan 2015 12:40:31.480616 +0000] W#4069 \Chat\Application up.
[Thu, 22 Jan 2015 12:40:35.650066 +0000] W#4069 crashed by error 'Call to a member function onWriteOnce() on a non-object' at /opt/phpd2/vendor/kakserpom/phpdaemon/PHPDaemon/HTTPRequest/Generic.php:193
[Thu, 22 Jan 2015 12:40:35.707690 +0000] Spawning 1 worker(s)
[Thu, 22 Jan 2015 12:40:36.024004 +0000] W#4077 \Chat\Application up.
[Thu, 22 Jan 2015 12:46:50.796686 +0000] M#4281 \PHPDaemon\Core\Pool:\PHPDaemon\Servers\HTTP\Pool up.
[Thu, 22 Jan 2015 12:46:50.810469 +0000] M#4281 \PHPDaemon\Core\Pool:\PHPDaemon\Servers\WebSocket\Pool up.
[Thu, 22 Jan 2015 12:46:50.851343 +0000] W#4284 \Chat\Application up.
[Thu, 22 Jan 2015 12:48:46.288844 +0000] M#4343 \PHPDaemon\Core\Pool:\PHPDaemon\Servers\HTTP\Pool up.
[Thu, 22 Jan 2015 12:48:46.298871 +0000] M#4343 \PHPDaemon\Core\Pool:\PHPDaemon\Servers\WebSocket\Pool up.
[Thu, 22 Jan 2015 12:48:46.330981 +0000] W#4346 \Chat\Application up.
[Thu, 22 Jan 2015 12:50:58.224404 +0000] M#4381 \PHPDaemon\Core\Pool:\PHPDaemon\Servers\HTTP\Pool up.
[Thu, 22 Jan 2015 12:50:58.233441 +0000] M#4381 \PHPDaemon\Core\Pool:\PHPDaemon\Servers\WebSocket\Pool up.
[Thu, 22 Jan 2015 12:50:58.263010 +0000] W#4384 \Chat\Application up.
[Thu, 22 Jan 2015 12:51:43.644854 +0000] M#4398 \PHPDaemon\Core\Pool:\PHPDaemon\Servers\HTTP\Pool up.
[Thu, 22 Jan 2015 12:51:43.657184 +0000] M#4398 \PHPDaemon\Core\Pool:\PHPDaemon\Servers\WebSocket\Pool up.
[Thu, 22 Jan 2015 12:51:43.688660 +0000] W#4401 \Chat\Application up.
[Thu, 22 Jan 2015 12:52:37.735824 +0000] M#4417 \PHPDaemon\Core\Pool:\PHPDaemon\Servers\HTTP\Pool up.
[Thu, 22 Jan 2015 12:52:37.741926 +0000] M#4417 \PHPDaemon\Core\Pool:\PHPDaemon\Servers\WebSocket\Pool up.
[Thu, 22 Jan 2015 12:52:37.793550 +0000] W#4420 \Chat\Application up.
[Sun, 25 Jan 2015 13:37:18.352519 +0000] M#25635 \PHPDaemon\Core\Pool:\PHPDaemon\Servers\HTTP\Pool up.
[Sun, 25 Jan 2015 13:37:18.715033 +0000] M#25635 \PHPDaemon\Core\Pool:\PHPDaemon\Servers\WebSocket\Pool up.
[Sun, 25 Jan 2015 13:37:18.803798 +0000] W#25638 \Chat\Application up.
[Sun, 25 Jan 2015 14:14:29.267656 +0000] M#26054 \PHPDaemon\Core\Pool:\PHPDaemon\Servers\HTTP\Pool up.
[Sun, 25 Jan 2015 14:14:29.679302 +0000] M#26054 \PHPDaemon\Core\Pool:\PHPDaemon\Servers\WebSocket\Pool up.
[Sun, 25 Jan 2015 14:14:30.295723 +0000] W#26060 \Chat\Application up.
[Sun, 25 Jan 2015 14:20:42.782279 +0000] M#26534 \PHPDaemon\Core\Pool:\PHPDaemon\Servers\HTTP\Pool up.
[Sun, 25 Jan 2015 14:20:42.883911 +0000] M#26534 \PHPDaemon\Core\Pool:\PHPDaemon\Servers\WebSocket\Pool up.
[Sun, 25 Jan 2015 14:20:43.032723 +0000] W#26540 \Chat\Application up.
[Sun, 25 Jan 2015 14:21:59.103742 +0000] M#26563 \PHPDaemon\Core\Pool:\PHPDaemon\Servers\HTTP\Pool up.
[Sun, 25 Jan 2015 14:21:59.124100 +0000] M#26563 \PHPDaemon\Core\Pool:\PHPDaemon\Servers\WebSocket\Pool up.
[Sun, 25 Jan 2015 14:21:59.182786 +0000] W#26565 \Chat\Application up.
[Sun, 25 Jan 2015 14:38:06.148777 +0000] M#26666 \PHPDaemon\Core\Pool:\PHPDaemon\Servers\HTTP\Pool up.
[Sun, 25 Jan 2015 14:38:06.473633 +0000] M#26666 \PHPDaemon\Core\Pool:\PHPDaemon\Servers\WebSocket\Pool up.
[Sun, 25 Jan 2015 14:38:06.727509 +0000] W#26672 \Chat\Application up.
[Sun, 25 Jan 2015 14:52:37.964379 +0000] M#26772 \PHPDaemon\Core\Pool:\PHPDaemon\Servers\HTTP\Pool up.
[Sun, 25 Jan 2015 14:52:38.003009 +0000] M#26772 \PHPDaemon\Core\Pool:\PHPDaemon\Servers\WebSocket\Pool up.
[Sun, 25 Jan 2015 14:52:38.055291 +0000] W#26775 \Chat\Application up.
[Sun, 25 Jan 2015 14:58:28.090665 +0000] M#26829 \PHPDaemon\Core\Pool:\PHPDaemon\Servers\HTTP\Pool up.
[Sun, 25 Jan 2015 14:58:28.122936 +0000] M#26829 \PHPDaemon\Core\Pool:\PHPDaemon\Servers\WebSocket\Pool up.
[Sun, 25 Jan 2015 14:58:28.194275 +0000] W#26833 \Chat\Application up.
[Sun, 25 Jan 2015 15:13:48.155980 +0000] M#26965 \PHPDaemon\Core\Pool:\PHPDaemon\Servers\HTTP\Pool up.
[Sun, 25 Jan 2015 15:13:48.184211 +0000] M#26965 \PHPDaemon\Core\Pool:\PHPDaemon\Servers\WebSocket\Pool up.
[Sun, 25 Jan 2015 15:13:48.247222 +0000] W#26969 \Chat\Application up.
[Sun, 25 Jan 2015 15:18:20.019203 +0000] M#27017 \PHPDaemon\Core\Pool:\PHPDaemon\Servers\HTTP\Pool up.
[Sun, 25 Jan 2015 15:18:20.034359 +0000] M#27017 \PHPDaemon\Core\Pool:\PHPDaemon\Servers\WebSocket\Pool up.
[Sun, 25 Jan 2015 15:18:20.079015 +0000] W#27020 \Chat\Application up.
[Sun, 25 Jan 2015 15:20:22.313835 +0000] M#27041 \PHPDaemon\Core\Pool:\PHPDaemon\Servers\HTTP\Pool up.
[Sun, 25 Jan 2015 15:20:22.332013 +0000] M#27041 \PHPDaemon\Core\Pool:\PHPDaemon\Servers\WebSocket\Pool up.
[Sun, 25 Jan 2015 15:20:22.375928 +0000] W#27044 \Chat\Application up.
[Sun, 25 Jan 2015 15:25:38.730848 +0000] M#27097 \PHPDaemon\Core\Pool:\PHPDaemon\Servers\HTTP\Pool up.
[Sun, 25 Jan 2015 15:25:38.738240 +0000] M#27097 \PHPDaemon\Core\Pool:\PHPDaemon\Servers\WebSocket\Pool up.
[Sun, 25 Jan 2015 15:25:38.781523 +0000] W#27100 \Chat\Application up.
